2015-12-19 02:26:51,866 [main] INFO  c.e.w.callback.starter.TaskMain - Starting TaskMain v29.0.0-SNAPSHOT on localhost with PID 9737 (/work/workspace/kefu/callback/tasks/target/kefu-callback-tasks-29.0.0-SNAPSHOT.jar started by easemob in /work/servers/opt/bin)
2015-12-19 02:26:51,871 [main] INFO  c.e.w.callback.starter.TaskMain - No profiles are active
2015-12-19 02:26:51,956 [pool-1-thread-1] INFO  o.h.validator.internal.util.Version - HV000001: Hibernate Validator 5.2.2.Final
2015-12-19 02:26:52,004 [main] INFO  o.s.c.a.AnnotationConfigApplicationContext - Refreshing org.springframework.context.annotation.AnnotationConfigApplicationContext@68db593b: startup date [Sat Dec 19 02:26:52 CST 2015]; root of context hierarchy
2015-12-19 02:26:58,383 [main] INFO  o.s.b.f.a.AutowiredAnnotationBeanPostProcessor - JSR-330 'javax.inject.Inject' annotation found and supported for autowiring
2015-12-19 02:26:59,365 [main] WARN  o.a.tomcat.jdbc.pool.ConnectionPool - minIdle is larger than maxActive, setting minIdle to: 5
2015-12-19 02:26:59,365 [main] WARN  o.a.tomcat.jdbc.pool.ConnectionPool - maxIdle is larger than maxActive, setting maxIdle to: 5
2015-12-19 02:26:59,919 [main] INFO  o.s.o.j.LocalContainerEntityManagerFactoryBean - Building JPA container EntityManagerFactory for persistence unit 'default'
2015-12-19 02:26:59,960 [main] INFO  o.h.jpa.internal.util.LogHelper - HHH000204: Processing PersistenceUnitInfo [
	name: default
	...]
2015-12-19 02:27:00,186 [main] INFO  org.hibernate.Version - HHH000412: Hibernate Core {4.3.11.Final}
2015-12-19 02:27:00,196 [main] INFO  org.hibernate.cfg.Environment - HHH000206: hibernate.properties not found
2015-12-19 02:27:00,199 [main] INFO  org.hibernate.cfg.Environment - HHH000021: Bytecode provider name : javassist
2015-12-19 02:27:00,708 [main] INFO  o.h.annotations.common.Version - HCANN000001: Hibernate Commons Annotations {4.0.5.Final}
2015-12-19 02:27:00,828 [main] INFO  org.hibernate.dialect.Dialect - HHH000400: Using dialect: org.hibernate.dialect.MySQL5Dialect
2015-12-19 02:27:01,139 [main] WARN  o.h.t.d.j.JavaTypeDescriptorRegistry - Could not find matching type descriptor for requested Java class [java.util.Map]; using fallback
2015-12-19 02:27:01,215 [main] INFO  o.h.h.i.a.ASTQueryTranslatorFactory - HHH000397: Using ASTQueryTranslatorFactory
2015-12-19 02:27:04,063 [main] INFO  c.e.w.metrics.MetricsConfiguration - 'system.metrics' logger is not set to allow debug level output, metrics will not be report to logging system
2015-12-19 02:27:04,064 [main] INFO  c.e.w.metrics.MetricsConfiguration - property 'reporter.ganglia.host' is not provided, metrics will not be reported to ganglia
2015-12-19 02:27:04,126 [main] INFO  c.e.w.s.e.k.conf.KafkaConfiguration - kafka producer is enabled
2015-12-19 02:27:04,177 [main] INFO  o.a.k.c.producer.ProducerConfig - ProducerConfig values: 
	compression.type = none
	metric.reporters = []
	metadata.max.age.ms = 300000
	metadata.fetch.timeout.ms = 60000
	acks = 1
	batch.size = 16384
	reconnect.backoff.ms = 10
	bootstrap.servers = [127.0.0.1:9092]
	receive.buffer.bytes = 32768
	retry.backoff.ms = 100
	buffer.memory = 33554432
	timeout.ms = 30000
	key.serializer = class org.apache.kafka.common.serialization.ByteArraySerializer
	retries = 0
	max.request.size = 1048576
	block.on.buffer.full = true
	value.serializer = class org.apache.kafka.common.serialization.ByteArraySerializer
	metrics.sample.window.ms = 30000
	send.buffer.bytes = 131072
	max.in.flight.requests.per.connection = 5
	metrics.num.samples = 2
	linger.ms = 0
	client.id = 

2015-12-19 02:27:04,226 [main] WARN  o.a.k.c.producer.ProducerConfig - The configuration value.serializer = class org.apache.kafka.common.serialization.ByteArraySerializer was supplied but isn't a known config.
2015-12-19 02:27:04,226 [main] WARN  o.a.k.c.producer.ProducerConfig - The configuration key.serializer = class org.apache.kafka.common.serialization.ByteArraySerializer was supplied but isn't a known config.
2015-12-19 02:27:05,603 [main] INFO  c.e.w.callback.starter.TaskMain - Started TaskMain in 14.365 seconds (JVM running for 15.681)
2015-12-19 02:27:05,837 [main] INFO  org.apache.samza.job.JobRunner - job factory: org.apache.samza.job.local.ThreadJobFactory
2015-12-19 02:27:05,837 [main] INFO  o.a.samza.job.local.ThreadJobFactory - Creating a ThreadJob, which is only meant for debugging.
2015-12-19 02:27:06,066 [main] INFO  o.a.s.c.kafka.KafkaCheckpointManager - Creating KafkaCheckpointManager with: clientId=samza_checkpoint_manager-event_tenant_repartition-1-1450463225848-0, checkpointTopic=__samza_checkpoint_ver_1_for_event.tenant-repartition_1, systemName=kafka
2015-12-19 02:27:06,340 [main] INFO  o.a.s.system.kafka.KafkaSystemAdmin$ - Got metadata: Map(events -> SystemStreamMetadata [streamName=events, partitionMetadata={Partition [partition=0]=SystemStreamPartitionMetadata [oldestOffset=0, newestOffset=157, upcomingOffset=158], Partition [partition=5]=SystemStreamPartitionMetadata [oldestOffset=0, newestOffset=158, upcomingOffset=159], Partition [partition=1]=SystemStreamPartitionMetadata [oldestOffset=0, newestOffset=155, upcomingOffset=156], Partition [partition=6]=SystemStreamPartitionMetadata [oldestOffset=0, newestOffset=157, upcomingOffset=158], Partition [partition=2]=SystemStreamPartitionMetadata [oldestOffset=0, newestOffset=157, upcomingOffset=158], Partition [partition=3]=SystemStreamPartitionMetadata [oldestOffset=0, newestOffset=161, upcomingOffset=162], Partition [partition=4]=SystemStreamPartitionMetadata [oldestOffset=0, newestOffset=159, upcomingOffset=160]}])
2015-12-19 02:27:06,346 [main] INFO  o.a.s.c.kafka.KafkaCheckpointManager - Attempting to create checkpoint topic __samza_checkpoint_ver_1_for_event.tenant-repartition_1.
2015-12-19 02:27:06,453 [main] INFO  o.a.s.c.kafka.KafkaCheckpointManager - Checkpoint topic __samza_checkpoint_ver_1_for_event.tenant-repartition_1 already exists.
2015-12-19 02:27:06,454 [main] INFO  o.a.s.c.kafka.KafkaCheckpointManager - Validating checkpoint topic __samza_checkpoint_ver_1_for_event.tenant-repartition_1.
2015-12-19 02:27:06,464 [main] INFO  o.a.s.c.kafka.KafkaCheckpointManager - Successfully validated checkpoint topic __samza_checkpoint_ver_1_for_event.tenant-repartition_1.
2015-12-19 02:27:06,475 [main] INFO  o.a.s.c.kafka.KafkaCheckpointManager - Connecting to leader 127.0.0.1:9092 for topic __samza_checkpoint_ver_1_for_event.tenant-repartition_1 and to fetch all checkpoint messages.
2015-12-19 02:27:06,481 [main] INFO  o.a.s.c.kafka.KafkaCheckpointManager - Got offset 0 for topic __samza_checkpoint_ver_1_for_event.tenant-repartition_1 and partition 0. Attempting to fetch messages for changelog partition mapping.
2015-12-19 02:27:06,484 [main] INFO  o.a.s.c.kafka.KafkaCheckpointManager - Get latest offset 238 for topic __samza_checkpoint_ver_1_for_event.tenant-repartition_1 and partition 0.
2015-12-19 02:27:06,613 [main] INFO  o.a.s.coordinator.JobCoordinator$ - SystemStreamPartitionGrouper org.apache.samza.container.grouper.stream.GroupByPartition@490892c1 has grouped the SystemStreamPartitions into the following taskNames:
2015-12-19 02:27:06,616 [main] INFO  o.a.s.coordinator.JobCoordinator$ - Saving task-to-changelog partition mapping: Map(Partition 6 -> 0, Partition 3 -> 1, Partition 0 -> 2, Partition 4 -> 3, Partition 1 -> 4, Partition 5 -> 5, Partition 2 -> 6)
2015-12-19 02:27:06,655 [main] INFO  o.a.k.c.producer.ProducerConfig - ProducerConfig values: 
	compression.type = none
	metric.reporters = []
	metadata.max.age.ms = 300000
	metadata.fetch.timeout.ms = 60000
	acks = all
	batch.size = 16384
	reconnect.backoff.ms = 10
	bootstrap.servers = [127.0.0.1:9092]
	receive.buffer.bytes = 32768
	retry.backoff.ms = 100
	buffer.memory = 33554432
	timeout.ms = 30000
	key.serializer = class org.apache.kafka.common.serialization.ByteArraySerializer
	retries = 2147483647
	max.request.size = 1048576
	block.on.buffer.full = true
	value.serializer = class org.apache.kafka.common.serialization.ByteArraySerializer
	metrics.sample.window.ms = 30000
	send.buffer.bytes = 131072
	max.in.flight.requests.per.connection = 1
	metrics.num.samples = 2
	linger.ms = 0
	client.id = samza_checkpoint_manager-event_tenant_repartition-1-1450463225848-0

2015-12-19 02:27:06,875 [main] INFO  org.eclipse.jetty.server.Server - jetty-8.1.8.v20121106
2015-12-19 02:27:06,962 [main] INFO  o.e.jetty.server.AbstractConnector - Started SelectChannelConnector@0.0.0.0:62324
2015-12-19 02:27:06,967 [main] INFO  o.a.s.coordinator.server.HttpServer - Started HttpServer on: http://127.0.0.1:62324/
2015-12-19 02:27:06,968 [main] INFO  o.a.samza.coordinator.JobCoordinator - Startd HTTP server: http://127.0.0.1:62324/
2015-12-19 02:27:06,972 [main] INFO  o.a.samza.container.SamzaContainer$ - Setting up Samza container: samza-container-0
2015-12-19 02:27:06,973 [main] INFO  o.a.samza.container.SamzaContainer$ - Samza container PID: 9737@localhost
2015-12-19 02:27:06,974 [main] INFO  o.a.samza.container.SamzaContainer$ - Using configuration: {task.checkpoint.replication.factor=1, systems.kafka.consumer.zookeeper.connect=127.0.0.1:2181/, systems.kafka.samza.key.serde=string, kefu.task.outputs.event-transfer=kafka.kefu.event.tenant-repartition, systems.kafka.samza.factory=org.apache.samza.system.kafka.KafkaSystemFactory, serializers.registry.string.class=org.apache.samza.serializers.StringSerdeFactory, task.checkpoint.system=kafka, task.inputs=kafka.events, job.factory.class=org.apache.samza.job.local.ThreadJobFactory, task.checkpoint.factory=org.apache.samza.checkpoint.kafka.KafkaCheckpointManagerFactory, task.class=com.easemob.weichat.callback.task.EventTenantPartitionTask, systems.kafka.samza.msg.serde=string, systems.kafka.consumer.auto.offset.reset=largest, job.name=event.tenant-repartition, systems.kafka.producer.bootstrap.servers=127.0.0.1:9092}
2015-12-19 02:27:06,975 [main] INFO  o.a.samza.container.SamzaContainer$ - Using container model: ContainerModel [containerId=0, tasks={Partition 6=TaskModel [taskName=Partition 6, systemStreamPartitions=[SystemStreamPartition [kafka, events, 6]], changeLogPartition=Partition [partition=0]], Partition 3=TaskModel [taskName=Partition 3, systemStreamPartitions=[SystemStreamPartition [kafka, events, 3]], changeLogPartition=Partition [partition=1]], Partition 0=TaskModel [taskName=Partition 0, systemStreamPartitions=[SystemStreamPartition [kafka, events, 0]], changeLogPartition=Partition [partition=2]], Partition 4=TaskModel [taskName=Partition 4, systemStreamPartitions=[SystemStreamPartition [kafka, events, 4]], changeLogPartition=Partition [partition=3]], Partition 1=TaskModel [taskName=Partition 1, systemStreamPartitions=[SystemStreamPartition [kafka, events, 1]], changeLogPartition=Partition [partition=4]], Partition 5=TaskModel [taskName=Partition 5, systemStreamPartitions=[SystemStreamPartition [kafka, events, 5]], changeLogPartition=Partition [partition=5]], Partition 2=TaskModel [taskName=Partition 2, systemStreamPartitions=[SystemStreamPartition [kafka, events, 2]], changeLogPartition=Partition [partition=6]]}]
2015-12-19 02:27:06,986 [main] INFO  o.a.samza.container.SamzaContainer$ - Got system names: Set(kafka)
2015-12-19 02:27:06,990 [main] INFO  o.a.samza.container.SamzaContainer$ - Got serde names: Set(string)
2015-12-19 02:27:06,994 [main] INFO  o.a.samza.container.SamzaContainer$ - Got system factories: Set(kafka)
2015-12-19 02:27:07,004 [main] INFO  o.a.s.system.kafka.KafkaSystemAdmin$ - Got metadata: Map(events -> SystemStreamMetadata [streamName=events, partitionMetadata={Partition [partition=0]=SystemStreamPartitionMetadata [oldestOffset=0, newestOffset=157, upcomingOffset=158], Partition [partition=5]=SystemStreamPartitionMetadata [oldestOffset=0, newestOffset=158, upcomingOffset=159], Partition [partition=1]=SystemStreamPartitionMetadata [oldestOffset=0, newestOffset=155, upcomingOffset=156], Partition [partition=6]=SystemStreamPartitionMetadata [oldestOffset=0, newestOffset=157, upcomingOffset=158], Partition [partition=2]=SystemStreamPartitionMetadata [oldestOffset=0, newestOffset=157, upcomingOffset=158], Partition [partition=3]=SystemStreamPartitionMetadata [oldestOffset=0, newestOffset=161, upcomingOffset=162], Partition [partition=4]=SystemStreamPartitionMetadata [oldestOffset=0, newestOffset=159, upcomingOffset=160]}])
2015-12-19 02:27:07,005 [main] INFO  o.a.samza.container.SamzaContainer$ - Got input stream metadata: Map(SystemStream [system=kafka, stream=events] -> SystemStreamMetadata [streamName=events, partitionMetadata={Partition [partition=0]=SystemStreamPartitionMetadata [oldestOffset=0, newestOffset=157, upcomingOffset=158], Partition [partition=5]=SystemStreamPartitionMetadata [oldestOffset=0, newestOffset=158, upcomingOffset=159], Partition [partition=1]=SystemStreamPartitionMetadata [oldestOffset=0, newestOffset=155, upcomingOffset=156], Partition [partition=6]=SystemStreamPartitionMetadata [oldestOffset=0, newestOffset=157, upcomingOffset=158], Partition [partition=2]=SystemStreamPartitionMetadata [oldestOffset=0, newestOffset=157, upcomingOffset=158], Partition [partition=3]=SystemStreamPartitionMetadata [oldestOffset=0, newestOffset=161, upcomingOffset=162], Partition [partition=4]=SystemStreamPartitionMetadata [oldestOffset=0, newestOffset=159, upcomingOffset=160]}])
2015-12-19 02:27:07,034 [main] INFO  o.a.samza.container.SamzaContainer$ - Got system consumers: Set(kafka)
2015-12-19 02:27:07,043 [main] INFO  o.a.samza.container.SamzaContainer$ - Got system producers: Set(kafka)
2015-12-19 02:27:07,046 [main] INFO  o.a.samza.container.SamzaContainer$ - Got serdes: Set(string)
2015-12-19 02:27:07,058 [main] INFO  o.a.samza.container.SamzaContainer$ - Got change log system streams: Map()
2015-12-19 02:27:07,060 [main] INFO  o.a.samza.container.SamzaContainer$ - Setting up JVM metrics.
2015-12-19 02:27:07,064 [main] INFO  o.a.samza.container.SamzaContainer$ - Setting up message chooser.
2015-12-19 02:27:07,087 [main] INFO  o.a.s.system.chooser.DefaultChooser - Building default chooser with: useBatching=false, useBootstrapping=false, usePriority=false
2015-12-19 02:27:07,088 [main] INFO  o.a.samza.container.SamzaContainer$ - Setting up metrics reporters.
2015-12-19 02:27:07,090 [main] INFO  o.a.samza.container.SamzaContainer$ - Got metrics reporters: Set()
2015-12-19 02:27:07,091 [main] INFO  o.a.s.c.kafka.KafkaCheckpointManager - Creating KafkaCheckpointManager with: clientId=samza_checkpoint_manager-event_tenant_repartition-1-1450463227091-5, checkpointTopic=__samza_checkpoint_ver_1_for_event.tenant-repartition_1, systemName=kafka
2015-12-19 02:27:07,092 [main] INFO  o.a.samza.container.SamzaContainer$ - Got checkpoint manager: KafkaCheckpointManager [systemName=kafka, checkpointTopic=__samza_checkpoint_ver_1_for_event.tenant-repartition_1]
2015-12-19 02:27:07,094 [main] INFO  o.a.samza.checkpoint.OffsetManager$ - No default offset for SystemStream [system=kafka, stream=events] defined. Using upcoming.
2015-12-19 02:27:07,099 [main] INFO  o.a.samza.container.SamzaContainer$ - Got offset manager: org.apache.samza.checkpoint.OffsetManager@6cf119ce
2015-12-19 02:27:07,106 [main] INFO  o.a.samza.container.SamzaContainer$ - Got storage engine base directory: /work/servers/opt/bin/state
2015-12-19 02:27:07,107 [main] INFO  o.a.samza.container.SamzaContainer$ - Got storage engines: Set()
2015-12-19 02:27:07,109 [main] INFO  o.a.samza.container.SamzaContainer$ - Got stream task class: com.easemob.weichat.callback.task.EventTenantPartitionTask
2015-12-19 02:27:07,110 [main] INFO  o.a.samza.container.SamzaContainer$ - Got window milliseconds: -1
2015-12-19 02:27:07,111 [main] INFO  o.a.samza.container.SamzaContainer$ - Got commit milliseconds: 60000
2015-12-19 02:27:07,112 [main] INFO  o.a.samza.container.SamzaContainer$ - Got shutdown timeout milliseconds: 5000
2015-12-19 02:27:07,124 [main] INFO  o.a.samza.container.SamzaContainer$ - Got store consumers: Map()
2015-12-19 02:27:07,127 [main] INFO  o.a.samza.container.SamzaContainer$ - Got task stores: Map()
2015-12-19 02:27:07,130 [main] INFO  o.a.samza.container.SamzaContainer$ - Retrieved SystemStreamPartitions Set(SystemStreamPartition [kafka, events, 6]) for Partition 6
2015-12-19 02:27:07,135 [main] INFO  o.a.samza.container.SamzaContainer$ - Got store consumers: Map()
2015-12-19 02:27:07,135 [main] INFO  o.a.samza.container.SamzaContainer$ - Got task stores: Map()
2015-12-19 02:27:07,135 [main] INFO  o.a.samza.container.SamzaContainer$ - Retrieved SystemStreamPartitions Set(SystemStreamPartition [kafka, events, 3]) for Partition 3
2015-12-19 02:27:07,135 [main] INFO  o.a.samza.container.SamzaContainer$ - Got store consumers: Map()
2015-12-19 02:27:07,135 [main] INFO  o.a.samza.container.SamzaContainer$ - Got task stores: Map()
2015-12-19 02:27:07,136 [main] INFO  o.a.samza.container.SamzaContainer$ - Retrieved SystemStreamPartitions Set(SystemStreamPartition [kafka, events, 0]) for Partition 0
2015-12-19 02:27:07,136 [main] INFO  o.a.samza.container.SamzaContainer$ - Got store consumers: Map()
2015-12-19 02:27:07,136 [main] INFO  o.a.samza.container.SamzaContainer$ - Got task stores: Map()
2015-12-19 02:27:07,136 [main] INFO  o.a.samza.container.SamzaContainer$ - Retrieved SystemStreamPartitions Set(SystemStreamPartition [kafka, events, 4]) for Partition 4
2015-12-19 02:27:07,136 [main] INFO  o.a.samza.container.SamzaContainer$ - Got store consumers: Map()
2015-12-19 02:27:07,137 [main] INFO  o.a.samza.container.SamzaContainer$ - Got task stores: Map()
2015-12-19 02:27:07,137 [main] INFO  o.a.samza.container.SamzaContainer$ - Retrieved SystemStreamPartitions Set(SystemStreamPartition [kafka, events, 1]) for Partition 1
2015-12-19 02:27:07,137 [main] INFO  o.a.samza.container.SamzaContainer$ - Got store consumers: Map()
2015-12-19 02:27:07,137 [main] INFO  o.a.samza.container.SamzaContainer$ - Got task stores: Map()
2015-12-19 02:27:07,137 [main] INFO  o.a.samza.container.SamzaContainer$ - Retrieved SystemStreamPartitions Set(SystemStreamPartition [kafka, events, 5]) for Partition 5
2015-12-19 02:27:07,138 [main] INFO  o.a.samza.container.SamzaContainer$ - Got store consumers: Map()
2015-12-19 02:27:07,138 [main] INFO  o.a.samza.container.SamzaContainer$ - Got task stores: Map()
2015-12-19 02:27:07,138 [main] INFO  o.a.samza.container.SamzaContainer$ - Retrieved SystemStreamPartitions Set(SystemStreamPartition [kafka, events, 2]) for Partition 2
2015-12-19 02:27:07,141 [main] INFO  o.a.samza.container.SamzaContainer$ - Samza container setup complete.
2015-12-19 02:27:07,144 [main] INFO  o.e.j.server.handler.ContextHandler - stopped o.e.j.s.ServletContextHandler{/,null}
2015-12-19 02:27:07,213 [main] INFO  o.a.s.coordinator.server.HttpServer - Stopped server
2015-12-19 02:27:07,214 [main] INFO  o.a.samza.coordinator.JobCoordinator - Stopped HTTP server.
2015-12-19 02:27:07,216 [ThreadJob] INFO  o.a.samza.container.SamzaContainer - Starting container.
2015-12-19 02:27:07,216 [main] INFO  org.apache.samza.job.JobRunner - waiting for job to start
2015-12-19 02:27:07,216 [ThreadJob] INFO  o.a.samza.container.SamzaContainer - Registering task instances with metrics.
2015-12-19 02:27:07,218 [main] INFO  org.apache.samza.job.JobRunner - job started successfully - Running
2015-12-19 02:27:07,219 [ThreadJob] INFO  o.a.samza.container.SamzaContainer - Starting JVM metrics.
2015-12-19 02:27:07,220 [ThreadJob] INFO  o.a.samza.container.SamzaContainer - Starting metrics reporters.
2015-12-19 02:27:07,222 [ThreadJob] INFO  o.a.samza.container.SamzaContainer - Registering task instances with offsets.
2015-12-19 02:27:07,225 [ThreadJob] INFO  o.a.samza.container.SamzaContainer - Starting offset manager.
2015-12-19 02:27:07,227 [main] INFO  org.apache.samza.job.JobRunner - exiting
2015-12-19 02:27:07,229 [ThreadJob] INFO  o.a.s.c.kafka.KafkaCheckpointManager - Attempting to create checkpoint topic __samza_checkpoint_ver_1_for_event.tenant-repartition_1.
2015-12-19 02:27:07,238 [ThreadJob] INFO  o.a.s.c.kafka.KafkaCheckpointManager - Checkpoint topic __samza_checkpoint_ver_1_for_event.tenant-repartition_1 already exists.
2015-12-19 02:27:07,238 [ThreadJob] INFO  o.a.s.c.kafka.KafkaCheckpointManager - Validating checkpoint topic __samza_checkpoint_ver_1_for_event.tenant-repartition_1.
2015-12-19 02:27:07,239 [ThreadJob] INFO  o.a.s.c.kafka.KafkaCheckpointManager - Successfully validated checkpoint topic __samza_checkpoint_ver_1_for_event.tenant-repartition_1.
2015-12-19 02:27:07,241 [ThreadJob] INFO  o.a.s.c.kafka.KafkaCheckpointManager - Reading checkpoint for taskName Partition 6
2015-12-19 02:27:07,242 [ThreadJob] INFO  o.a.s.c.kafka.KafkaCheckpointManager - No TaskName to checkpoint mapping provided.  Reading for first time.
2015-12-19 02:27:07,244 [ThreadJob] INFO  o.a.s.c.kafka.KafkaCheckpointManager - Connecting to leader 127.0.0.1:9092 for topic __samza_checkpoint_ver_1_for_event.tenant-repartition_1 and to fetch all checkpoint messages.
2015-12-19 02:27:07,247 [ThreadJob] INFO  o.a.s.c.kafka.KafkaCheckpointManager - Got offset 0 for topic __samza_checkpoint_ver_1_for_event.tenant-repartition_1 and partition 0. Attempting to fetch messages for checkpoint log.
2015-12-19 02:27:07,248 [ThreadJob] INFO  o.a.s.c.kafka.KafkaCheckpointManager - Get latest offset 239 for topic __samza_checkpoint_ver_1_for_event.tenant-repartition_1 and partition 0.
2015-12-19 02:27:07,311 [ThreadJob] INFO  o.a.s.c.kafka.KafkaCheckpointManager - Got checkpoint state for taskName Partition 6: Checkpoint [offsets={SystemStreamPartition [kafka, events, 6]=157}]
2015-12-19 02:27:07,311 [ThreadJob] INFO  o.a.s.c.kafka.KafkaCheckpointManager - Reading checkpoint for taskName Partition 0
2015-12-19 02:27:07,312 [ThreadJob] INFO  o.a.s.c.kafka.KafkaCheckpointManager - Already existing checkpoint mapping.  Merging new offsets
2015-12-19 02:27:07,312 [ThreadJob] INFO  o.a.s.c.kafka.KafkaCheckpointManager - Connecting to leader 127.0.0.1:9092 for topic __samza_checkpoint_ver_1_for_event.tenant-repartition_1 and to fetch all checkpoint messages.
2015-12-19 02:27:07,313 [ThreadJob] INFO  o.a.s.c.kafka.KafkaCheckpointManager - Got offset 239 for topic __samza_checkpoint_ver_1_for_event.tenant-repartition_1 and partition 0. Attempting to fetch messages for checkpoint log.
2015-12-19 02:27:07,314 [ThreadJob] INFO  o.a.s.c.kafka.KafkaCheckpointManager - Get latest offset 239 for topic __samza_checkpoint_ver_1_for_event.tenant-repartition_1 and partition 0.
2015-12-19 02:27:07,314 [ThreadJob] INFO  o.a.s.c.kafka.KafkaCheckpointManager - Got checkpoint state for taskName Partition 0: Checkpoint [offsets={SystemStreamPartition [kafka, events, 0]=157}]
2015-12-19 02:27:07,315 [ThreadJob] INFO  o.a.s.c.kafka.KafkaCheckpointManager - Reading checkpoint for taskName Partition 3
2015-12-19 02:27:07,315 [ThreadJob] INFO  o.a.s.c.kafka.KafkaCheckpointManager - Already existing checkpoint mapping.  Merging new offsets
2015-12-19 02:27:07,315 [ThreadJob] INFO  o.a.s.c.kafka.KafkaCheckpointManager - Connecting to leader 127.0.0.1:9092 for topic __samza_checkpoint_ver_1_for_event.tenant-repartition_1 and to fetch all checkpoint messages.
2015-12-19 02:27:07,315 [ThreadJob] INFO  o.a.s.c.kafka.KafkaCheckpointManager - Got offset 239 for topic __samza_checkpoint_ver_1_for_event.tenant-repartition_1 and partition 0. Attempting to fetch messages for checkpoint log.
2015-12-19 02:27:07,317 [ThreadJob] INFO  o.a.s.c.kafka.KafkaCheckpointManager - Get latest offset 239 for topic __samza_checkpoint_ver_1_for_event.tenant-repartition_1 and partition 0.
2015-12-19 02:27:07,317 [ThreadJob] INFO  o.a.s.c.kafka.KafkaCheckpointManager - Got checkpoint state for taskName Partition 3: Checkpoint [offsets={SystemStreamPartition [kafka, events, 3]=161}]
2015-12-19 02:27:07,317 [ThreadJob] INFO  o.a.s.c.kafka.KafkaCheckpointManager - Reading checkpoint for taskName Partition 2
2015-12-19 02:27:07,318 [ThreadJob] INFO  o.a.s.c.kafka.KafkaCheckpointManager - Already existing checkpoint mapping.  Merging new offsets
2015-12-19 02:27:07,318 [ThreadJob] INFO  o.a.s.c.kafka.KafkaCheckpointManager - Connecting to leader 127.0.0.1:9092 for topic __samza_checkpoint_ver_1_for_event.tenant-repartition_1 and to fetch all checkpoint messages.
2015-12-19 02:27:07,318 [ThreadJob] INFO  o.a.s.c.kafka.KafkaCheckpointManager - Got offset 239 for topic __samza_checkpoint_ver_1_for_event.tenant-repartition_1 and partition 0. Attempting to fetch messages for checkpoint log.
2015-12-19 02:27:07,324 [ThreadJob] INFO  o.a.s.c.kafka.KafkaCheckpointManager - Get latest offset 239 for topic __samza_checkpoint_ver_1_for_event.tenant-repartition_1 and partition 0.
2015-12-19 02:27:07,326 [ThreadJob] INFO  o.a.s.c.kafka.KafkaCheckpointManager - Got checkpoint state for taskName Partition 2: Checkpoint [offsets={SystemStreamPartition [kafka, events, 2]=157}]
2015-12-19 02:27:07,326 [ThreadJob] INFO  o.a.s.c.kafka.KafkaCheckpointManager - Reading checkpoint for taskName Partition 5
2015-12-19 02:27:07,326 [ThreadJob] INFO  o.a.s.c.kafka.KafkaCheckpointManager - Already existing checkpoint mapping.  Merging new offsets
2015-12-19 02:27:07,327 [ThreadJob] INFO  o.a.s.c.kafka.KafkaCheckpointManager - Connecting to leader 127.0.0.1:9092 for topic __samza_checkpoint_ver_1_for_event.tenant-repartition_1 and to fetch all checkpoint messages.
2015-12-19 02:27:07,328 [ThreadJob] INFO  o.a.s.c.kafka.KafkaCheckpointManager - Got offset 239 for topic __samza_checkpoint_ver_1_for_event.tenant-repartition_1 and partition 0. Attempting to fetch messages for checkpoint log.
2015-12-19 02:27:07,331 [ThreadJob] INFO  o.a.s.c.kafka.KafkaCheckpointManager - Get latest offset 239 for topic __samza_checkpoint_ver_1_for_event.tenant-repartition_1 and partition 0.
2015-12-19 02:27:07,332 [ThreadJob] INFO  o.a.s.c.kafka.KafkaCheckpointManager - Got checkpoint state for taskName Partition 5: Checkpoint [offsets={SystemStreamPartition [kafka, events, 5]=158}]
2015-12-19 02:27:07,332 [ThreadJob] INFO  o.a.s.c.kafka.KafkaCheckpointManager - Reading checkpoint for taskName Partition 1
2015-12-19 02:27:07,332 [ThreadJob] INFO  o.a.s.c.kafka.KafkaCheckpointManager - Already existing checkpoint mapping.  Merging new offsets
2015-12-19 02:27:07,332 [ThreadJob] INFO  o.a.s.c.kafka.KafkaCheckpointManager - Connecting to leader 127.0.0.1:9092 for topic __samza_checkpoint_ver_1_for_event.tenant-repartition_1 and to fetch all checkpoint messages.
2015-12-19 02:27:07,332 [ThreadJob] INFO  o.a.s.c.kafka.KafkaCheckpointManager - Got offset 239 for topic __samza_checkpoint_ver_1_for_event.tenant-repartition_1 and partition 0. Attempting to fetch messages for checkpoint log.
2015-12-19 02:27:07,334 [ThreadJob] INFO  o.a.s.c.kafka.KafkaCheckpointManager - Get latest offset 239 for topic __samza_checkpoint_ver_1_for_event.tenant-repartition_1 and partition 0.
2015-12-19 02:27:07,334 [ThreadJob] INFO  o.a.s.c.kafka.KafkaCheckpointManager - Got checkpoint state for taskName Partition 1: Checkpoint [offsets={SystemStreamPartition [kafka, events, 1]=155}]
2015-12-19 02:27:07,335 [ThreadJob] INFO  o.a.s.c.kafka.KafkaCheckpointManager - Reading checkpoint for taskName Partition 4
2015-12-19 02:27:07,335 [ThreadJob] INFO  o.a.s.c.kafka.KafkaCheckpointManager - Already existing checkpoint mapping.  Merging new offsets
2015-12-19 02:27:07,335 [ThreadJob] INFO  o.a.s.c.kafka.KafkaCheckpointManager - Connecting to leader 127.0.0.1:9092 for topic __samza_checkpoint_ver_1_for_event.tenant-repartition_1 and to fetch all checkpoint messages.
2015-12-19 02:27:07,335 [ThreadJob] INFO  o.a.s.c.kafka.KafkaCheckpointManager - Got offset 239 for topic __samza_checkpoint_ver_1_for_event.tenant-repartition_1 and partition 0. Attempting to fetch messages for checkpoint log.
2015-12-19 02:27:07,337 [ThreadJob] INFO  o.a.s.c.kafka.KafkaCheckpointManager - Get latest offset 239 for topic __samza_checkpoint_ver_1_for_event.tenant-repartition_1 and partition 0.
2015-12-19 02:27:07,337 [ThreadJob] INFO  o.a.s.c.kafka.KafkaCheckpointManager - Got checkpoint state for taskName Partition 4: Checkpoint [offsets={SystemStreamPartition [kafka, events, 4]=159}]
2015-12-19 02:27:07,345 [ThreadJob] INFO  o.a.samza.checkpoint.OffsetManager - Successfully loaded last processed offsets: Map(SystemStreamPartition [kafka, events, 0] -> 157, SystemStreamPartition [kafka, events, 4] -> 159, SystemStreamPartition [kafka, events, 3] -> 161, SystemStreamPartition [kafka, events, 2] -> 157, SystemStreamPartition [kafka, events, 6] -> 157, SystemStreamPartition [kafka, events, 1] -> 155, SystemStreamPartition [kafka, events, 5] -> 158)
2015-12-19 02:27:07,346 [ThreadJob] INFO  o.a.samza.checkpoint.OffsetManager - Successfully loaded starting offsets: Map(SystemStreamPartition [kafka, events, 0] -> 158, SystemStreamPartition [kafka, events, 4] -> 160, SystemStreamPartition [kafka, events, 3] -> 162, SystemStreamPartition [kafka, events, 2] -> 158, SystemStreamPartition [kafka, events, 6] -> 158, SystemStreamPartition [kafka, events, 1] -> 156, SystemStreamPartition [kafka, events, 5] -> 159)
2015-12-19 02:27:07,347 [ThreadJob] INFO  o.a.samza.container.SamzaContainer - Starting task instance stores.
2015-12-19 02:27:07,351 [ThreadJob] INFO  o.a.samza.storage.TaskStorageManager - Creating streams that are not present for changelog
2015-12-19 02:27:07,352 [ThreadJob] INFO  o.a.samza.storage.TaskStorageManager - Got change log stream metadata: Map()
2015-12-19 02:27:07,354 [ThreadJob] INFO  o.a.samza.storage.TaskStorageManager - Assigning oldest change log offsets for taskName Partition 6: Map()
2015-12-19 02:27:07,358 [ThreadJob] INFO  o.a.samza.storage.TaskStorageManager - Creating streams that are not present for changelog
2015-12-19 02:27:07,359 [ThreadJob] INFO  o.a.samza.storage.TaskStorageManager - Got change log stream metadata: Map()
2015-12-19 02:27:07,359 [ThreadJob] INFO  o.a.samza.storage.TaskStorageManager - Assigning oldest change log offsets for taskName Partition 3: Map()
2015-12-19 02:27:07,359 [ThreadJob] INFO  o.a.samza.storage.TaskStorageManager - Creating streams that are not present for changelog
2015-12-19 02:27:07,361 [ThreadJob] INFO  o.a.samza.storage.TaskStorageManager - Got change log stream metadata: Map()
2015-12-19 02:27:07,361 [ThreadJob] INFO  o.a.samza.storage.TaskStorageManager - Assigning oldest change log offsets for taskName Partition 0: Map()
2015-12-19 02:27:07,361 [ThreadJob] INFO  o.a.samza.storage.TaskStorageManager - Creating streams that are not present for changelog
2015-12-19 02:27:07,361 [ThreadJob] INFO  o.a.samza.storage.TaskStorageManager - Got change log stream metadata: Map()
2015-12-19 02:27:07,362 [ThreadJob] INFO  o.a.samza.storage.TaskStorageManager - Assigning oldest change log offsets for taskName Partition 4: Map()
2015-12-19 02:27:07,362 [ThreadJob] INFO  o.a.samza.storage.TaskStorageManager - Creating streams that are not present for changelog
2015-12-19 02:27:07,362 [ThreadJob] INFO  o.a.samza.storage.TaskStorageManager - Got change log stream metadata: Map()
2015-12-19 02:27:07,363 [ThreadJob] INFO  o.a.samza.storage.TaskStorageManager - Assigning oldest change log offsets for taskName Partition 1: Map()
2015-12-19 02:27:07,363 [ThreadJob] INFO  o.a.samza.storage.TaskStorageManager - Creating streams that are not present for changelog
2015-12-19 02:27:07,363 [ThreadJob] INFO  o.a.samza.storage.TaskStorageManager - Got change log stream metadata: Map()
2015-12-19 02:27:07,363 [ThreadJob] INFO  o.a.samza.storage.TaskStorageManager - Assigning oldest change log offsets for taskName Partition 5: Map()
2015-12-19 02:27:07,364 [ThreadJob] INFO  o.a.samza.storage.TaskStorageManager - Creating streams that are not present for changelog
2015-12-19 02:27:07,364 [ThreadJob] INFO  o.a.samza.storage.TaskStorageManager - Got change log stream metadata: Map()
2015-12-19 02:27:07,364 [ThreadJob] INFO  o.a.samza.storage.TaskStorageManager - Assigning oldest change log offsets for taskName Partition 2: Map()
2015-12-19 02:27:07,364 [ThreadJob] INFO  o.a.samza.container.SamzaContainer - Registering task instances with producers.
2015-12-19 02:27:07,367 [ThreadJob] INFO  o.a.samza.container.SamzaContainer - Starting producer multiplexer.
2015-12-19 02:27:07,368 [ThreadJob] INFO  o.a.samza.container.SamzaContainer - Initializing stream tasks.
2015-12-19 02:27:07,391 [ThreadJob] INFO  o.a.samza.container.SamzaContainer - Registering task instances with consumers.
2015-12-19 02:27:07,398 [ThreadJob] INFO  o.a.samza.container.SamzaContainer - Starting consumer multiplexer.
2015-12-19 02:27:07,404 [ThreadJob] INFO  o.a.s.s.kafka.KafkaSystemConsumer - Refreshing brokers for: Map([events,6] -> 158, [events,0] -> 158, [events,4] -> 160, [events,1] -> 156, [events,2] -> 158, [events,3] -> 162, [events,5] -> 159)
2015-12-19 02:27:07,414 [ThreadJob] INFO  o.a.samza.system.kafka.BrokerProxy - Creating new SimpleConsumer for host 127.0.0.1:9092 for system kafka
2015-12-19 02:27:07,420 [ThreadJob] INFO  o.a.samza.system.kafka.GetOffset - Validating offset 158 for topic and partition [events,6]
2015-12-19 02:27:07,532 [ThreadJob] INFO  o.a.samza.system.kafka.GetOffset - Able to successfully read from offset 158 for topic and partition [events,6]. Using it to instantiate consumer.
2015-12-19 02:27:07,534 [ThreadJob] INFO  o.a.samza.system.kafka.BrokerProxy - Starting BrokerProxy for 127.0.0.1:9092
2015-12-19 02:27:07,536 [ThreadJob] INFO  o.a.samza.system.kafka.GetOffset - Validating offset 158 for topic and partition [events,0]
2015-12-19 02:27:07,640 [ThreadJob] INFO  o.a.samza.system.kafka.GetOffset - Able to successfully read from offset 158 for topic and partition [events,0]. Using it to instantiate consumer.
2015-12-19 02:27:07,641 [ThreadJob] INFO  o.a.samza.system.kafka.GetOffset - Validating offset 160 for topic and partition [events,4]
2015-12-19 02:27:07,843 [ThreadJob] INFO  o.a.samza.system.kafka.GetOffset - Able to successfully read from offset 160 for topic and partition [events,4]. Using it to instantiate consumer.
2015-12-19 02:27:07,843 [ThreadJob] INFO  o.a.samza.system.kafka.GetOffset - Validating offset 156 for topic and partition [events,1]
2015-12-19 02:27:08,047 [ThreadJob] INFO  o.a.samza.system.kafka.GetOffset - Able to successfully read from offset 156 for topic and partition [events,1]. Using it to instantiate consumer.
2015-12-19 02:27:08,047 [ThreadJob] INFO  o.a.samza.system.kafka.GetOffset - Validating offset 158 for topic and partition [events,2]
2015-12-19 02:27:08,250 [ThreadJob] INFO  o.a.samza.system.kafka.GetOffset - Able to successfully read from offset 158 for topic and partition [events,2]. Using it to instantiate consumer.
2015-12-19 02:27:08,251 [ThreadJob] INFO  o.a.samza.system.kafka.GetOffset - Validating offset 162 for topic and partition [events,3]
2015-12-19 02:27:08,454 [ThreadJob] INFO  o.a.samza.system.kafka.GetOffset - Able to successfully read from offset 162 for topic and partition [events,3]. Using it to instantiate consumer.
2015-12-19 02:27:08,454 [ThreadJob] INFO  o.a.samza.system.kafka.GetOffset - Validating offset 159 for topic and partition [events,5]
2015-12-19 02:27:08,657 [ThreadJob] INFO  o.a.samza.system.kafka.GetOffset - Able to successfully read from offset 159 for topic and partition [events,5]. Using it to instantiate consumer.
2015-12-19 02:27:08,672 [ThreadJob] INFO  o.a.samza.container.SamzaContainer - Entering run loop.
2015-12-19 02:27:08,696 [ThreadJob] INFO  o.a.k.c.producer.ProducerConfig - ProducerConfig values: 
	compression.type = none
	metric.reporters = []
	metadata.max.age.ms = 300000
	metadata.fetch.timeout.ms = 60000
	acks = all
	batch.size = 16384
	reconnect.backoff.ms = 10
	bootstrap.servers = [127.0.0.1:9092]
	receive.buffer.bytes = 32768
	retry.backoff.ms = 100
	buffer.memory = 33554432
	timeout.ms = 30000
	key.serializer = class org.apache.kafka.common.serialization.ByteArraySerializer
	retries = 2147483647
	max.request.size = 1048576
	block.on.buffer.full = true
	value.serializer = class org.apache.kafka.common.serialization.ByteArraySerializer
	metrics.sample.window.ms = 30000
	send.buffer.bytes = 131072
	max.in.flight.requests.per.connection = 1
	metrics.num.samples = 2
	linger.ms = 0
	client.id = samza_checkpoint_manager-event_tenant_repartition-1-1450463227091-5

2015-12-19 02:27:12,328 [Thread-5] INFO  o.s.c.a.AnnotationConfigApplicationContext - Closing org.springframework.context.annotation.AnnotationConfigApplicationContext@68db593b: startup date [Sat Dec 19 02:26:52 CST 2015]; root of context hierarchy
2015-12-19 02:27:12,328 [Thread-20] INFO  org.apache.samza.container.RunLoop - Shutting down, will wait up to 5000 ms
2015-12-19 02:27:12,335 [ThreadJob] INFO  o.a.samza.container.SamzaContainer - Shutting down.
2015-12-19 02:27:12,336 [ThreadJob] INFO  o.a.samza.container.SamzaContainer - Shutting down consumer multiplexer.
2015-12-19 02:27:12,338 [ThreadJob] INFO  o.a.samza.system.kafka.BrokerProxy - Shutting down BrokerProxy for 127.0.0.1:9092
2015-12-19 02:27:12,342 [Thread-5] INFO  o.s.o.j.LocalContainerEntityManagerFactoryBean - Closing JPA EntityManagerFactory for persistence unit 'default'
2015-12-19 02:27:12,344 [SAMZA-BROKER-PROXY-BrokerProxy thread pointed at 127.0.0.1:9092 for client samza_consumer-event_tenant_repartition-1-1450463227007-3] WARN  o.a.samza.system.kafka.BrokerProxy - Restarting consumer due to java.nio.channels.ClosedChannelException. Releasing ownership of all partitions, and restarting consumer. Turn on debugging to get a full stack trace.
2015-12-19 02:27:12,348 [SAMZA-BROKER-PROXY-BrokerProxy thread pointed at 127.0.0.1:9092 for client samza_consumer-event_tenant_repartition-1-1450463227007-3] INFO  o.a.s.s.kafka.KafkaSystemConsumer - Abdicating for [events,6]
2015-12-19 02:27:12,349 [SAMZA-BROKER-PROXY-BrokerProxy thread pointed at 127.0.0.1:9092 for client samza_consumer-event_tenant_repartition-1-1450463227007-3] INFO  o.a.s.s.kafka.KafkaSystemConsumer - Refreshing brokers for: Map([events,6] -> 158)
2015-12-19 02:27:12,349 [SAMZA-BROKER-PROXY-BrokerProxy thread pointed at 127.0.0.1:9092 for client samza_consumer-event_tenant_repartition-1-1450463227007-3] INFO  o.a.s.s.kafka.KafkaSystemConsumer - Abdicating for [events,0]
2015-12-19 02:27:12,349 [SAMZA-BROKER-PROXY-BrokerProxy thread pointed at 127.0.0.1:9092 for client samza_consumer-event_tenant_repartition-1-1450463227007-3] INFO  o.a.s.s.kafka.KafkaSystemConsumer - Refreshing brokers for: Map([events,6] -> 158, [events,0] -> 158)
2015-12-19 02:27:12,349 [SAMZA-BROKER-PROXY-BrokerProxy thread pointed at 127.0.0.1:9092 for client samza_consumer-event_tenant_repartition-1-1450463227007-3] INFO  o.a.s.s.kafka.KafkaSystemConsumer - Abdicating for [events,4]
2015-12-19 02:27:12,350 [SAMZA-BROKER-PROXY-BrokerProxy thread pointed at 127.0.0.1:9092 for client samza_consumer-event_tenant_repartition-1-1450463227007-3] INFO  o.a.s.s.kafka.KafkaSystemConsumer - Refreshing brokers for: Map([events,6] -> 158, [events,0] -> 158, [events,4] -> 160)
2015-12-19 02:27:12,350 [SAMZA-BROKER-PROXY-BrokerProxy thread pointed at 127.0.0.1:9092 for client samza_consumer-event_tenant_repartition-1-1450463227007-3] INFO  o.a.s.s.kafka.KafkaSystemConsumer - Abdicating for [events,1]
2015-12-19 02:27:12,350 [SAMZA-BROKER-PROXY-BrokerProxy thread pointed at 127.0.0.1:9092 for client samza_consumer-event_tenant_repartition-1-1450463227007-3] INFO  o.a.s.s.kafka.KafkaSystemConsumer - Refreshing brokers for: Map([events,6] -> 158, [events,0] -> 158, [events,4] -> 160, [events,1] -> 156)
2015-12-19 02:27:12,350 [SAMZA-BROKER-PROXY-BrokerProxy thread pointed at 127.0.0.1:9092 for client samza_consumer-event_tenant_repartition-1-1450463227007-3] INFO  o.a.s.s.kafka.KafkaSystemConsumer - Abdicating for [events,2]
2015-12-19 02:27:12,350 [SAMZA-BROKER-PROXY-BrokerProxy thread pointed at 127.0.0.1:9092 for client samza_consumer-event_tenant_repartition-1-1450463227007-3] INFO  o.a.s.s.kafka.KafkaSystemConsumer - Refreshing brokers for: Map([events,6] -> 158, [events,0] -> 158, [events,4] -> 160, [events,1] -> 156, [events,2] -> 158)
2015-12-19 02:27:12,350 [SAMZA-BROKER-PROXY-BrokerProxy thread pointed at 127.0.0.1:9092 for client samza_consumer-event_tenant_repartition-1-1450463227007-3] INFO  o.a.s.s.kafka.KafkaSystemConsumer - Abdicating for [events,3]
2015-12-19 02:27:12,351 [SAMZA-BROKER-PROXY-BrokerProxy thread pointed at 127.0.0.1:9092 for client samza_consumer-event_tenant_repartition-1-1450463227007-3] INFO  o.a.s.s.kafka.KafkaSystemConsumer - Refreshing brokers for: Map([events,6] -> 158, [events,0] -> 158, [events,4] -> 160, [events,1] -> 156, [events,2] -> 158, [events,3] -> 162)
2015-12-19 02:27:12,351 [SAMZA-BROKER-PROXY-BrokerProxy thread pointed at 127.0.0.1:9092 for client samza_consumer-event_tenant_repartition-1-1450463227007-3] INFO  o.a.s.s.kafka.KafkaSystemConsumer - Abdicating for [events,5]
2015-12-19 02:27:12,351 [SAMZA-BROKER-PROXY-BrokerProxy thread pointed at 127.0.0.1:9092 for client samza_consumer-event_tenant_repartition-1-1450463227007-3] INFO  o.a.s.s.kafka.KafkaSystemConsumer - Refreshing brokers for: Map([events,6] -> 158, [events,0] -> 158, [events,4] -> 160, [events,1] -> 156, [events,2] -> 158, [events,3] -> 162, [events,5] -> 159)
2015-12-19 02:27:12,352 [SAMZA-BROKER-PROXY-BrokerProxy thread pointed at 127.0.0.1:9092 for client samza_consumer-event_tenant_repartition-1-1450463227007-3] INFO  o.a.samza.system.kafka.BrokerProxy - Shutting down due to interrupt.
2015-12-19 02:27:12,352 [ThreadJob] INFO  o.a.samza.container.SamzaContainer - Shutting down task instance stream tasks.
2015-12-19 02:27:12,354 [ThreadJob] INFO  o.a.samza.container.SamzaContainer - Shutting down producer multiplexer.
2015-12-19 02:27:12,355 [ThreadJob] INFO  o.a.samza.container.SamzaContainer - Shutting down task instance stores.
2015-12-19 02:27:12,357 [ThreadJob] INFO  o.a.samza.container.SamzaContainer - Shutting down offset manager.
2015-12-19 02:27:12,358 [ThreadJob] INFO  o.a.samza.container.SamzaContainer - Shutting down metrics reporters.
2015-12-19 02:27:12,359 [ThreadJob] INFO  o.a.samza.container.SamzaContainer - Shutting down JVM metrics.
2015-12-19 02:27:12,359 [ThreadJob] INFO  o.a.samza.container.SamzaContainer - Shutdown complete.
2015-12-19 02:27:12,360 [Thread-20] INFO  org.apache.samza.container.RunLoop - Shutdown complete
